2016-08-17/11:01:48 [ERR] darknet 单词不存在具体解释，请查正
2016-08-17/11:01:55 [ERR] org 单词不存在具体解释，请查正
2016-08-17/11:01:55 [ERR] packetstorm 单词不存在具体解释，请查正
2016-08-17/11:01:57 [ERR] pompem 单词不存在具体解释，请查正
2016-08-17/11:05:45 [ERR] darknet 单词不存在具体解释，请查正
2016-08-17/11:05:49 [ERR] org 单词不存在具体解释，请查正
2016-08-17/11:05:49 [ERR] packetstorm 单词不存在具体解释，请查正
2016-08-17/11:05:50 [ERR] pompem 单词不存在具体解释，请查正
2016-08-17/11:07:33 [ERR] darknet 单词不存在具体解释，请查正
2016-08-17/11:07:36 [ERR] org 单词不存在具体解释，请查正
2016-08-17/11:07:37 [ERR] packetstorm 单词不存在具体解释，请查正
2016-08-17/11:07:38 [ERR] pompem 单词不存在具体解释，请查正
2016-08-17/11:08:17 [ERR] darknet 单词不存在具体解释，请查正
2016-08-17/11:08:19 [ERR] org 单词不存在具体解释，请查正
2016-08-17/11:08:19 [ERR] packetstorm 单词不存在具体解释，请查正
2016-08-17/11:08:20 [ERR] pompem 单词不存在具体解释，请查正
2016-08-17/11:11:15 [ERR] darknet 单词不存在具体解释，请查正
2016-08-17/11:11:17 [ERR] org 单词不存在具体解释，请查正
2016-08-17/11:11:17 [ERR] packetstorm 单词不存在具体解释，请查正
2016-08-17/11:11:18 [ERR] pompem 单词不存在具体解释，请查正
2016-08-17/15:30:44 [ERR] darknet 单词不存在具体解释，请查正
2016-08-17/15:30:50 [ERR] org 单词不存在具体解释，请查正
2016-08-17/15:30:51 [ERR] packetstorm 单词不存在具体解释，请查正
2016-08-17/15:30:51 [ERR] pompem 单词不存在具体解释，请查正
2016-11-09/14:51:03 [ERR] darknet 单词不存在具体解释，请查正
2016-11-09/14:51:06 [ERR] org 单词不存在具体解释，请查正
2016-11-09/14:51:06 [ERR] packetstorm 单词不存在具体解释，请查正
2016-11-09/14:51:07 [ERR] pompem 单词不存在具体解释，请查正
2016-11-09/15:35:40 [ERR] darknet 单词不存在具体解释，请查正
2016-11-09/15:35:43 [ERR] org 单词不存在具体解释，请查正
2016-11-09/15:35:43 [ERR] packetstorm 单词不存在具体解释，请查正
2016-11-09/15:35:44 [ERR] pompem 单词不存在具体解释，请查正
2016-11-09/15:42:31 [ERR] darknet 单词不存在具体解释，请查正
2016-11-09/15:42:34 [ERR] org 单词不存在具体解释，请查正
2016-11-09/15:42:34 [ERR] packetstorm 单词不存在具体解释，请查正
2016-11-09/15:42:35 [ERR] pompem 单词不存在具体解释，请查正
2016-11-09/15:46:05 [ERR] 	changelog 单词不存在具体解释，请查正
2016-11-09/15:46:10 [ERR] autocomplete 单词不存在具体解释，请查正
2016-11-09/15:46:11 [ERR] autocomplete+ 单词不存在具体解释，请查正
2016-11-09/15:46:15 [ERR] cson 单词不存在具体解释，请查正
2016-11-09/15:46:18 [ERR] github 单词不存在具体解释，请查正
2016-11-09/15:46:21 [ERR] keymap 单词不存在具体解释，请查正
2016-11-09/15:47:32 [ERR] 	changelog 单词不存在具体解释，请查正
2016-11-09/15:47:35 [ERR] autocomplete 单词不存在具体解释，请查正
2016-11-09/15:47:35 [ERR] autocomplete+ 单词不存在具体解释，请查正
2016-11-09/15:47:37 [ERR] cson 单词不存在具体解释，请查正
2016-11-09/15:47:39 [ERR] github 单词不存在具体解释，请查正
2016-11-09/15:47:41 [ERR] keymap 单词不存在具体解释，请查正
2016-11-09/15:49:01 [ERR] autocomplete 单词不存在具体解释，请查正
2016-11-09/15:49:03 [ERR] changelog 单词不存在具体解释，请查正
2016-11-09/15:49:04 [ERR] cson 单词不存在具体解释，请查正
2016-11-09/15:49:06 [ERR] github 单词不存在具体解释，请查正
2016-11-09/15:49:07 [ERR] keymap 单词不存在具体解释，请查正
2016-11-09/16:13:53 [ERR] 
		pompem 单词不存在具体解释，请查正
2016-11-09/16:13:54 [ERR] darknet.org.uk

 单词不存在具体解释，请查正
2016-11-09/16:13:55 [ERR] databases. 单词不存在具体解释，请查正
2016-11-09/16:14:58 [ERR] 
		pompem 单词不存在具体解释，请查正
2016-11-09/16:15:00 [ERR] darknet.org.uk

 单词不存在具体解释，请查正
2016-11-09/16:15:00 [ERR] databases. 单词不存在具体解释，请查正
2016-11-09/16:15:51 [ERR] darknet 单词不存在具体解释，请查正
2016-11-09/16:15:55 [ERR] org 单词不存在具体解释，请查正
2016-11-09/16:15:55 [ERR] packetstorm 单词不存在具体解释，请查正
2016-11-09/16:15:56 [ERR] pompem 单词不存在具体解释，请查正
2016-11-09/16:18:27 [ERR] #autocomplete 单词不存在具体解释，请查正
2016-11-09/16:18:27 [ERR] #features 单词不存在具体解释，请查正
2016-11-09/16:18:27 [ERR] #flag 单词不存在具体解释，请查正
2016-11-09/16:18:28 [ERR] #installation 单词不存在具体解释，请查正
2016-11-09/16:18:28 [ERR] #provider 单词不存在具体解释，请查正
2016-11-09/16:18:28 [ERR] #providers 单词不存在具体解释，请查正
2016-11-09/16:18:29 [ERR] #remapping 单词不存在具体解释，请查正
2016-11-09/16:18:29 [ERR] #symbolprovider 单词不存在具体解释，请查正
2016-11-09/16:18:30 [ERR] #usage 单词不存在具体解释，请查正
2016-11-09/16:18:30 [ERR] %2fpackages%2fautocomplete 单词不存在具体解释，请查正
2016-11-09/16:18:30 [ERR] &#x2713 单词不存在具体解释，请查正
2016-11-09/16:18:31 [ERR] 21st 单词不存在具体解释，请查正
2016-11-09/16:23:01 [ERR] %2fpackages%2fautocomplete 单词不存在具体解释，请查正
2016-11-09/16:23:02 [ERR] 21st 单词不存在具体解释，请查正
2016-11-09/16:23:02 [ERR] 359< 单词不存在具体解释，请查正
2016-11-09/16:23:02 [ERR] 3db62b578ebfc39ee871abc91b175302 单词不存在具体解释，请查正
2016-11-09/16:23:03 [ERR] 43ef26e87ec88b4fe14a17146564bd80d828e850 单词不存在具体解释，请查正
2016-11-09/16:23:03 [ERR] 68747470733a2f2f63692e6170707665796f722e636f6d2f6170692f70726f6a656374732f7374617475732f3962706f6b72756432617067717371302f6272616e63682f6d61737465723f7376673d74727565 单词不存在具体解释，请查正
2016-11-09/16:23:04 [ERR] 68747470733a2f2f636c6f75642e67697468756275736572636f6e74656e742e636f6d2f6173736574732f36393136392f383833393133342f37326139633765362d333038372d313165352d396431662d3864336431353936313332372e6a7067 单词不存在具体解释，请查正
2016-11-09/16:23:04 [ERR] 68747470733a2f2f636c6f75642e67697468756275736572636f6e74656e742e636f6d2f6173736574732f3734343734302f373635363836312f39666238626363342d666165612d313165342d393831342d3964636132313864656439332e706e67 单词不存在具体解释，请查正
2016-11-09/16:23:05 [ERR] 68747470733a2f2f64617669642d646d2e6f72672f61746f6d2f6175746f636f6d706c6574652d706c75732e737667 单词不存在具体解释，请查正
2016-11-09/16:23:05 [ERR] 68747470733a2f2f696d672e736869656c64732e696f2f62616467652f636861742d61746f6d696f253245736c61636b253245636f6d2d626c75652e7376673f7374796c653d666c61742d737175617265 单词不存在具体解释，请查正
2016-11-09/16:23:05 [ERR] 68747470733a2f2f7472617669732d63692e6f72672f61746f6d2f6175746f636f6d706c6574652d706c75732e7376673f6272616e63683d6d6173746572 单词不存在具体解释，请查正
2016-11-09/16:23:49 [ERR] %2fpackages%2fautocomplete 单词不存在具体解释，请查正
2016-11-09/16:23:50 [ERR] 21st 单词不存在具体解释，请查正
2016-11-09/16:23:50 [ERR] 359< 单词不存在具体解释，请查正
2016-11-09/16:23:50 [ERR] 3db62b578ebfc39ee871abc91b175302 单词不存在具体解释，请查正
2016-11-09/16:23:51 [ERR] 43ef26e87ec88b4fe14a17146564bd80d828e850 单词不存在具体解释，请查正
2016-11-09/16:23:51 [ERR] 68747470733a2f2f63692e6170707665796f722e636f6d2f6170692f70726f6a656374732f7374617475732f3962706f6b72756432617067717371302f6272616e63682f6d61737465723f7376673d74727565 单词不存在具体解释，请查正
2016-11-09/16:23:52 [ERR] 68747470733a2f2f636c6f75642e67697468756275736572636f6e74656e742e636f6d2f6173736574732f36393136392f383833393133342f37326139633765362d333038372d313165352d396431662d3864336431353936313332372e6a7067 单词不存在具体解释，请查正
2016-11-09/16:23:52 [ERR] 68747470733a2f2f636c6f75642e67697468756275736572636f6e74656e742e636f6d2f6173736574732f3734343734302f373635363836312f39666238626363342d666165612d313165342d393831342d3964636132313864656439332e706e67 单词不存在具体解释，请查正
2016-11-09/16:23:52 [ERR] 68747470733a2f2f64617669642d646d2e6f72672f61746f6d2f6175746f636f6d706c6574652d706c75732e737667 单词不存在具体解释，请查正
2016-11-09/16:23:53 [ERR] 68747470733a2f2f696d672e736869656c64732e696f2f62616467652f636861742d61746f6d696f253245736c61636b253245636f6d2d626c75652e7376673f7374796c653d666c61742d737175617265 单词不存在具体解释，请查正
2016-11-09/16:23:53 [ERR] 68747470733a2f2f7472617669732d63692e6f72672f61746f6d2f6175746f636f6d706c6574652d706c75732e7376673f6272616e63683d6d6173746572 单词不存在具体解释，请查正
2016-11-09/16:23:54 [ERR] 69f587f83f210274db26638c9a8a380c00ad457e 单词不存在具体解释，请查正
2016-11-09/16:23:54 [ERR] 6bd5c594f8c15a66508ddb736efc0572b2dc45f4 单词不存在具体解释，请查正
2016-11-09/16:23:55 [ERR] 72a9c7e6 单词不存在具体解释，请查正
2016-11-09/16:23:55 [ERR] 844a840367 单词不存在具体解释，请查正
2016-11-09/16:23:56 [ERR] 8d3d15961327 单词不存在具体解释，请查正
2016-11-09/16:23:56 [ERR] 9663718d7b3e7a6eccd5a98aba6d152adc91c20a 单词不存在具体解释，请查正
2016-11-09/16:23:56 [ERR] 9bpokrud2apgqsq0 单词不存在具体解释，请查正
2016-11-09/16:23:58 [ERR] 9d1f 单词不存在具体解释，请查正
2016-11-09/16:23:58 [ERR] 9dca218ded93 单词不存在具体解释，请查正
2016-11-09/16:23:59 [ERR] 9fb8bcc4 单词不存在具体解释，请查正
2016-11-09/16:23:59 [ERR] <body> 单词不存在具体解释，请查正
2016-11-09/16:23:59 [ERR] <code> 单词不存在具体解释，请查正
2016-11-09/16:24:00 [ERR] <code>autocomplete 单词不存在具体解释，请查正
2016-11-09/16:24:00 [ERR] <code>ctrl 单词不存在具体解释，请查正
2016-11-09/16:24:01 [ERR] <code>down< 单词不存在具体解释，请查正
2016-11-09/16:24:01 [ERR] <code>enter< 单词不存在具体解释，请查正
2016-11-09/16:24:01 [ERR] <code>false< 单词不存在具体解释，请查正
2016-11-09/16:24:02 [ERR] <code>fuzzaldrin< 单词不存在具体解释，请查正
2016-11-09/16:24:02 [ERR] <code>preferences< 单词不存在具体解释，请查正
2016-11-09/16:24:03 [ERR] <code>provider 单词不存在具体解释，请查正
2016-11-09/16:24:03 [ERR] <code>symbolprovider< 单词不存在具体解释，请查正
2016-11-09/16:24:03 [ERR] <code>tab< 单词不存在具体解释，请查正
2016-11-09/16:24:40 [ERR] %2fpackages%2fautocomplete 单词不存在具体解释，请查正
2016-11-09/16:24:41 [ERR] 21st 单词不存在具体解释，请查正
2016-11-09/16:24:41 [ERR] 3db62b578ebfc39ee871abc91b175302 单词不存在具体解释，请查正
2016-11-09/16:24:42 [ERR] 43ef26e87ec88b4fe14a17146564bd80d828e850 单词不存在具体解释，请查正
2016-11-09/16:24:42 [ERR] 68747470733a2f2f63692e6170707665796f722e636f6d2f6170692f70726f6a656374732f7374617475732f3962706f6b72756432617067717371302f6272616e63682f6d61737465723f7376673d74727565 单词不存在具体解释，请查正
2016-11-09/16:24:42 [ERR] 68747470733a2f2f636c6f75642e67697468756275736572636f6e74656e742e636f6d2f6173736574732f36393136392f383833393133342f37326139633765362d333038372d313165352d396431662d3864336431353936313332372e6a7067 单词不存在具体解释，请查正
2016-11-09/16:24:43 [ERR] 68747470733a2f2f636c6f75642e67697468756275736572636f6e74656e742e636f6d2f6173736574732f3734343734302f373635363836312f39666238626363342d666165612d313165342d393831342d3964636132313864656439332e706e67 单词不存在具体解释，请查正
2016-11-09/16:24:43 [ERR] 68747470733a2f2f64617669642d646d2e6f72672f61746f6d2f6175746f636f6d706c6574652d706c75732e737667 单词不存在具体解释，请查正
2016-11-09/16:24:44 [ERR] 68747470733a2f2f696d672e736869656c64732e696f2f62616467652f636861742d61746f6d696f253245736c61636b253245636f6d2d626c75652e7376673f7374796c653d666c61742d737175617265 单词不存在具体解释，请查正
2016-11-09/16:24:44 [ERR] 68747470733a2f2f7472617669732d63692e6f72672f61746f6d2f6175746f636f6d706c6574652d706c75732e7376673f6272616e63683d6d6173746572 单词不存在具体解释，请查正
2016-11-09/16:24:44 [ERR] 69f587f83f210274db26638c9a8a380c00ad457e 单词不存在具体解释，请查正
2016-11-09/16:24:45 [ERR] 6bd5c594f8c15a66508ddb736efc0572b2dc45f4 单词不存在具体解释，请查正
2016-11-09/16:24:45 [ERR] 72a9c7e6 单词不存在具体解释，请查正
2016-11-09/16:24:46 [ERR] 844a840367 单词不存在具体解释，请查正
2016-11-09/16:24:46 [ERR] 8d3d15961327 单词不存在具体解释，请查正
2016-11-09/16:24:46 [ERR] 9663718d7b3e7a6eccd5a98aba6d152adc91c20a 单词不存在具体解释，请查正
2016-11-09/16:24:47 [ERR] 9bpokrud2apgqsq0 单词不存在具体解释，请查正
2016-11-09/16:24:47 [ERR] 9d1f 单词不存在具体解释，请查正
2016-11-09/16:24:48 [ERR] 9dca218ded93 单词不存在具体解释，请查正
2016-11-09/16:24:48 [ERR] 9fb8bcc4 单词不存在具体解释，请查正
2016-11-09/16:24:51 [ERR] addeventlistener 单词不存在具体解释，请查正
2016-11-09/16:24:52 [ERR] addpageaction 单词不存在具体解释，请查正
2016-11-09/16:24:53 [ERR] addtotrace 单词不存在具体解释，请查正
2016-11-09/16:24:57 [ERR] api||s 单词不存在具体解释，请查正
2016-11-09/16:24:58 [ERR] applicationid 单词不存在具体解释，请查正
2016-11-09/16:24:58 [ERR] applicationid&&t 单词不存在具体解释，请查正
2016-11-09/16:24:59 [ERR] applicationtime 单词不存在具体解释，请查正
2016-11-09/16:25:00 [ERR] appveyor 单词不存在具体解释，请查正
2016-11-09/16:25:05 [ERR] atomio%2eslack%2ecom 单词不存在具体解释，请查正
2016-11-09/16:25:05 [ERR] attachevent 单词不存在具体解释，请查正
2016-11-09/16:25:07 [ERR] autocomplete 单词不存在具体解释，请查正
2016-11-09/16:25:09 [ERR] ba07c5c2889a34307a4b7d49410451d9 单词不存在具体解释，请查正
2016-11-09/16:25:12 [ERR] bc2dp1aftymqlhmezpj0y4lcsytuvkzsafuzn1co6l8mtrfdwgf1pkhkg9ttphz2od43zlevbpuzdwbo84nc9a 单词不存在具体解释，请查正
2016-11-09/16:25:23 [ERR] c1cmreakxvrcrhpfulnta1dxfh5luvtc 单词不存在具体解释，请查正
2016-11-09/16:25:23 [ERR] c90b92e60288c36d664f03908ba025d6480b0c38 单词不存在具体解释，请查正
2016-11-09/16:25:25 [ERR] camo 单词不存在具体解释，请查正
2016-11-09/16:25:28 [ERR] changelog 单词不存在具体解释，请查正
2016-11-09/16:25:28 [ERR] charset 单词不存在具体解释，请查正
2016-11-09/16:25:31 [ERR] cleartimeout 单词不存在具体解释，请查正
2016-11-09/16:25:36 [ERR] concat 单词不存在具体解释，请查正
2016-11-09/16:25:37 [ERR] config 单词不存在具体解释，请查正
2016-11-09/16:25:45 [ERR] couldn 单词不存在具体解释，请查正
2016-11-09/16:25:47 [ERR] createelement 单词不存在具体解释，请查正
2016-11-09/16:25:48 [ERR] crios 单词不存在具体解释，请查正
2016-11-09/16:25:49 [ERR] cson 单词不存在具体解释，请查正
2016-11-09/16:25:49 [ERR] csrf 单词不存在具体解释，请查正
2016-11-09/16:25:52 [ERR] dcd8d08acf6c678eb5a20e1d4f9f2373e43e6b3d 单词不存在具体解释，请查正
2016-11-09/16:25:53 [ERR] defineproperty 单词不存在具体解释，请查正
2016-11-09/16:25:53 [ERR] defineproperty&&object 单词不存在具体解释，请查正
2016-11-09/16:25:59 [ERR] doctype 单词不存在具体解释，请查正
2016-11-09/16:26:01 [ERR] domcontent 单词不存在具体解释，请查正
2016-11-09/16:26:01 [ERR] domcontentloaded 单词不存在具体解释，请查正
2016-11-09/16:26:03 [ERR] dvfcd7t9ygejewxh0ne1svxtd81b6ipbk3r7zlkcufbfd1avl 单词不存在具体解释，请查正
2016-11-09/16:26:04 [ERR] e&& 单词不存在具体解释，请查正
2016-11-09/16:26:04 [ERR] e&&e 单词不存在具体解释，请查正
2016-11-09/16:26:09 [ERR] errorbeacon 单词不存在具体解释，请查正
2016-11-09/16:26:11 [ERR] exports}if 单词不存在具体解释，请查正
2016-11-09/16:26:13 [ERR] e|| 单词不存在具体解释，请查正
2016-11-09/16:26:14 [ERR] faea 单词不存在具体解释，请查正
2016-11-09/16:26:18 [ERR] firstbyte 单词不存在具体解释，请查正
2016-11-09/16:26:22 [ERR] fuzzaldrin 单词不存在具体解释，请查正
2016-11-09/16:26:23 [ERR] getcontext 单词不存在具体解释，请查正
2016-11-09/16:26:24 [ERR] getelementsbytagname 单词不存在具体解释，请查正
2016-11-09/16:26:24 [ERR] gettime 单词不存在具体解释，请查正
2016-11-09/16:26:24 [ERR] github 单词不存在具体解释，请查正
2016-11-09/16:26:25 [ERR] githubusercontent 单词不存在具体解释，请查正
2016-11-09/16:26:26 [ERR] googleanalyticsobject 单词不存在具体解释，请查正
2016-11-09/16:26:27 [ERR] gravatar 单词不存在具体解释，请查正
2016-11-09/16:26:29 [ERR] hackable 单词不存在具体解释，请查正
2016-11-09/16:26:32 [ERR] hasownproperty 单词不存在具体解释，请查正
2016-11-09/16:26:35 [ERR] herokuapp 单词不存在具体解释，请查正
2016-11-09/16:26:37 [ERR] href 单词不存在具体解释，请查正
2016-11-09/16:26:43 [ERR] img 单词不存在具体解释，请查正
2016-11-09/16:26:45 [ERR] inlinehit 单词不存在具体解释，请查正
2016-11-09/16:26:46 [ERR] insertbefore 单词不存在具体解释，请查正
2016-11-09/16:26:48 [ERR] instanceof 单词不存在具体解释，请查正
2016-11-09/16:26:51 [ERR] ixn 单词不存在具体解释，请查正
2016-11-09/16:26:52 [ERR] i}t 单词不存在具体解释，请查正
2016-11-09/16:26:52 [ERR] i}}function 单词不存在具体解释，请查正
2016-11-09/16:26:53 [ERR] javascript 单词不存在具体解释，请查正
2016-11-09/16:26:53 [ERR] jfx0ventm8jiqitilaz 单词不存在具体解释，请查正
2016-11-09/16:26:54 [ERR] jpg 单词不存在具体解释，请查正
2016-11-09/16:26:54 [ERR] keybindings 单词不存在具体解释，请查正
2016-11-09/16:26:55 [ERR] keymap 单词不存在具体解释，请查正
2016-11-09/16:26:59 [ERR] lavovn 单词不存在具体解释，请查正
2016-11-09/16:27:04 [ERR] licensekey 单词不存在具体解释，请查正
2016-11-09/16:27:05 [ERR] licensekey&&e 单词不存在具体解释，请查正
2016-11-09/16:27:14 [ERR] meta 单词不存在具体解释，请查正
2016-11-09/16:27:16 [ERR] min 单词不存在具体解释，请查正
2016-11-09/16:27:16 [ERR] minibutton 单词不存在具体解释，请查正
2016-11-09/16:27:19 [ERR] mutationobserver} 单词不存在具体解释，请查正
2016-11-09/16:27:23 [ERR] newrelic 单词不存在具体解释，请查正
2016-11-09/16:27:23 [ERR] newrelic&& 单词不存在具体解释，请查正
2016-11-09/16:27:25 [ERR] noticeerror 单词不存在具体解释，请查正
2016-11-09/16:27:26 [ERR] nreum 单词不存在具体解释，请查正
2016-11-09/16:27:26 [ERR] nreum|| 单词不存在具体解释，请查正
2016-11-09/16:27:27 [ERR] n}var 单词不存在具体解释，请查正
2016-11-09/16:27:28 [ERR] octicon 单词不存在具体解释，请查正
2016-11-09/16:27:29 [ERR] ogp 单词不存在具体解释，请查正
2016-11-09/16:27:29 [ERR] onend 单词不存在具体解释，请查正
2016-11-09/16:27:30 [ERR] onload 单词不存在具体解释，请查正
2016-11-09/16:27:30 [ERR] onreadystatechange 单词不存在具体解释，请查正
2016-11-09/16:27:31 [ERR] org 单词不存在具体解释，请查正
2016-11-09/16:27:32 [ERR] os59iko 单词不存在具体解释，请查正
2016-11-09/16:27:33 [ERR] o||t 单词不存在具体解释，请查正
2016-11-09/16:27:35 [ERR] pagedown 单词不存在具体解释，请查正
2016-11-09/16:27:35 [ERR] pageup 单词不存在具体解释，请查正
2016-11-09/16:27:36 [ERR] pageview 单词不存在具体解释，请查正
2016-11-09/16:27:36 [ERR] param 单词不存在具体解释，请查正
2016-11-09/16:27:37 [ERR] parentnode 单词不存在具体解释，请查正
2016-11-09/16:27:37 [ERR] pjax 单词不存在具体解释，请查正
2016-11-09/16:27:39 [ERR] png 单词不存在具体解释，请查正
2016-11-09/16:27:40 [ERR] pre 单词不存在具体解释，请查正
2016-11-09/16:27:47 [ERR] queuetime 单词不存在具体解释，请查正
2016-11-09/16:27:48 [ERR] q|| 单词不存在具体解释，请查正
2016-11-09/16:27:49 [ERR] readystate&&i 单词不存在具体解释，请查正
2016-11-09/16:27:49 [ERR] rel 单词不存在具体解释，请查正
2016-11-09/16:27:52 [ERR] req 单词不存在具体解释，请查正
2016-11-09/16:27:53 [ERR] routename 单词不存在具体解释，请查正
2016-11-09/16:27:54 [ERR] r}catch 单词不存在具体解释，请查正
2016-11-09/16:27:55 [ERR] r}function 单词不存在具体解释，请查正
2016-11-09/16:27:55 [ERR] r}var 单词不存在具体解释，请查正
2016-11-09/16:27:59 [ERR] setattribute 单词不存在具体解释，请查正
2016-11-09/16:27:59 [ERR] setcurrentroutename 单词不存在具体解释，请查正
2016-11-09/16:27:59 [ERR] setcustomattribute 单词不存在具体解释，请查正
2016-11-09/16:28:00 [ERR] seterrorhandler 单词不存在具体解释，请查正
2016-11-09/16:28:00 [ERR] setname 单词不存在具体解释，请查正
2016-11-09/16:28:01 [ERR] setpageviewname 单词不存在具体解释，请查正
2016-11-09/16:28:01 [ERR] settimeout 单词不存在具体解释，请查正
2016-11-09/16:28:12 [ERR] src 单词不存在具体解释，请查正
2016-11-09/16:28:16 [ERR] stylesheet 单词不存在具体解释，请查正
2016-11-09/16:28:18 [ERR] svg 单词不存在具体解释，请查正
2016-11-09/16:28:18 [ERR] symbolprovider 单词不存在具体解释，请查正
2016-11-09/16:28:19 [ERR] s|| 单词不存在具体解释，请查正
2016-11-09/16:28:23 [ERR] textarea 单词不存在具体解释，请查正
2016-11-09/16:28:28 [ERR] this}}var 单词不存在具体解释，请查正
2016-11-09/16:28:30 [ERR] tooltipped 单词不存在具体解释，请查正
2016-11-09/16:28:32 [ERR] transactionname 单词不存在具体解释，请查正
2016-11-09/16:28:35 [ERR] try{return 单词不存在具体解释，请查正
2016-11-09/16:28:35 [ERR] turbolinks 单词不存在具体解释，请查正
2016-11-09/16:28:36 [ERR] typeof 单词不存在具体解释，请查正
2016-11-09/16:28:38 [ERR] t|| 单词不存在具体解释，请查正
2016-11-09/16:28:38 [ERR] t||0 单词不存在具体解释，请查正
2016-11-09/16:28:40 [ERR] usecoremovementcommands 单词不存在具体解释，请查正
2016-11-09/16:28:42 [ERR] useragent 单词不存在具体解释，请查正
2016-11-09/16:28:43 [ERR] utf 单词不存在具体解释，请查正
2016-11-09/16:28:43 [ERR] utf8 单词不存在具体解释，请查正
2016-11-09/16:28:54 [ERR] wordlist 单词不存在具体解释，请查正
2016-11-09/16:28:58 [ERR] x2713 单词不存在具体解释，请查正
2016-11-09/16:28:58 [ERR] xhr 单词不存在具体解释，请查正
2016-11-09/16:28:59 [ERR] xhrwrappable 单词不存在具体解释，请查正
2016-11-09/16:29:00 [ERR] xmlhttprequest 单词不存在具体解释，请查正
2016-11-09/16:29:00 [ERR] y}function 单词不存在具体解释，请查正
2016-11-09/16:29:01 [ERR] {beacon 单词不存在具体解释，请查正
2016-11-09/16:29:01 [ERR] {createtracer 单词不存在具体解释，请查正
2016-11-09/16:29:02 [ERR] {e&&e 单词不存在具体解释，请查正
2016-11-09/16:29:02 [ERR] {exports 单词不存在具体解释，请查正
2016-11-09/16:29:03 [ERR] {function 单词不存在具体解释，请查正
2016-11-09/16:29:03 [ERR] {if 单词不存在具体解释，请查正
2016-11-09/16:29:03 [ERR] {offset 单词不存在具体解释，请查正
2016-11-09/16:29:04 [ERR] {on 单词不存在具体解释，请查正
2016-11-09/16:29:04 [ERR] {return 单词不存在具体解释，请查正
2016-11-09/16:29:05 [ERR] {st 单词不存在具体解释，请查正
2016-11-09/16:29:05 [ERR] {t|| 单词不存在具体解释，请查正
2016-11-09/16:29:06 [ERR] {value 单词不存在具体解释，请查正
2016-11-09/16:29:06 [ERR] {var 单词不存在具体解释，请查正
2016-11-09/16:29:06 [ERR] {}function 单词不存在具体解释，请查正
2016-11-09/16:29:07 [ERR] {}return 单词不存在具体解释，请查正
2016-11-09/16:29:07 [ERR] {}} 单词不存在具体解释，请查正
2016-11-09/16:29:08 [ERR] ||function 单词不存在具体解释，请查正
2016-11-09/16:29:08 [ERR] ||o 单词不存在具体解释，请查正
2016-11-09/16:29:08 [ERR] }finally{c 单词不存在具体解释，请查正
2016-11-09/16:29:09 [ERR] }function 单词不存在具体解释，请查正
2016-11-09/16:29:10 [ERR] }return 单词不存在具体解释，请查正
2016-11-09/16:29:10 [ERR] }var 单词不存在具体解释，请查正
2016-11-09/16:29:11 [ERR] }}function 单词不存在具体解释，请查正
2016-11-09/16:29:11 [ERR] }}}} 单词不存在具体解释，请查正
2016-11-09/16:33:29 [ERR] $uri 单词不存在具体解释，请查正
2016-11-09/16:33:38 [ERR] laravel 单词不存在具体解释，请查正
2016-11-09/16:33:39 [ERR] otwell 单词不存在具体解释，请查正
2016-11-09/16:33:40 [ERR] php 单词不存在具体解释，请查正
2016-11-09/16:33:45 [ERR] urldecode 单词不存在具体解释，请查正
2016-11-09/16:35:42 [ERR] $uri 单词不存在具体解释，请查正
2016-11-09/16:35:48 [ERR] laravel 单词不存在具体解释，请查正
2016-11-09/16:35:49 [ERR] otwell 单词不存在具体解释，请查正
2016-11-09/16:35:50 [ERR] php 单词不存在具体解释，请查正
2016-11-09/16:35:53 [ERR] urldecode 单词不存在具体解释，请查正
2016-11-09/16:42:06 [ERR] laravel 单词不存在具体解释，请查正
2016-11-09/16:42:07 [ERR] otwell 单词不存在具体解释，请查正
2016-11-09/16:42:08 [ERR] php 单词不存在具体解释，请查正
2016-11-09/16:42:11 [ERR] urldecode 单词不存在具体解释，请查正
2016-11-09/21:32:24 [ERR] laravel 单词不存在具体解释，请查正
2016-11-09/21:32:24 [ERR] otwell 单词不存在具体解释，请查正
2016-11-09/21:32:25 [ERR] php 单词不存在具体解释，请查正
2016-11-09/21:32:29 [ERR] urldecode 单词不存在具体解释，请查正
